<?xml version="1.0" encoding="UTF-8"?>
<!-- Generated by org.testng.reporters.JUnitXMLReporter -->
<testsuite ignored="3" hostname="Shumis-Air.fios-router.home" failures="0" tests="1" name="Default test" time="2.142" errors="0" timestamp="2023-06-05T14:17:02 EDT">
  <testcase classname="apis.tests.TestStudents" name="deleteStudentsTest" time="1.369"/>
  <testcase classname="apis.tests.TestStudents" name="updateStudentsTest" time="0.0">
    <ignored/>
  </testcase> <!-- updateStudentsTest -->
  <testcase classname="apis.tests.TestStudents" name="createStudentsTest" time="0.0">
    <ignored/>
  </testcase> <!-- createStudentsTest -->
  <testcase classname="apis.tests.TestStudents" name="getStudentsTest" time="0.0">
    <ignored/>
  </testcase> <!-- getStudentsTest -->
</testsuite> <!-- Default test -->
