<?xml version="1.0" encoding="UTF-8"?>
<testng-results ignored="3" total="4" passed="1" failed="0" skipped="0">
  <reporter-output>
  </reporter-output>
  <suite started-at="2023-06-05T14:16:59 EDT" name="Default suite" finished-at="2023-06-05T14:17:01 EDT" duration-ms="2142">
    <groups>
    </groups>
    <test started-at="2023-06-05T14:16:59 EDT" name="Default test" finished-at="2023-06-05T14:17:01 EDT" duration-ms="2142">
      <class name="apis.tests.TestStudents">
        <test-method is-config="true" signature="init()[pri:0, instance:apis.tests.TestStudents@6631f5ca]" started-at="2023-06-05T14:16:59 EDT" name="init" finished-at="2023-06-05T14:17:00 EDT" duration-ms="731" status="PASS">
          <reporter-output>
          </reporter-output>
        </test-method> <!-- init -->
        <test-method signature="deleteStudentsTest()[pri:0, instance:apis.tests.TestStudents@6631f5ca]" started-at="2023-06-05T14:17:00 EDT" name="deleteStudentsTest" finished-at="2023-06-05T14:17:01 EDT" duration-ms="1369" status="PASS">
          <reporter-output>
          </reporter-output>
        </test-method> <!-- deleteStudentsTest -->
      </class> <!-- apis.tests.TestStudents -->
    </test> <!-- Default test -->
  </suite> <!-- Default suite -->
</testng-results>
